<?xml version="1.0" encoding="UTF-8"?>
<testsuite name="com.isasigns.backend.service.StripeWebhookServiceTest" tests="2" skipped="0" failures="0" errors="0" timestamp="2026-08-27T18:31:16.870Z" hostname="Usmans-Mac-mini.local" time="0.06">
  <properties/>
  <testcase name="rejectsAnInvalidSignatureBeforeChangingAnything()" classname="com.isasigns.backend.service.StripeWebhookServiceTest" time="0.02"/>
  <testcase name="aSignedPaidCheckoutMarksTheOrderPaidAndPublishesOneEvent()" classname="com.isasigns.backend.service.StripeWebhookServiceTest" time="0.011"/>
  <system-out><![CDATA[]]></system-out>
  <system-err><![CDATA[]]></system-err>
</testsuite>
