<?xml version="1.0" encoding="UTF-8"?>
<testsuite name="com.isasigns.backend.service.CheckoutServiceTest" tests="4" skipped="0" failures="0" errors="0" timestamp="2026-08-21T18:41:56.577Z" hostname="Mac.lan" time="0.65">
  <properties/>
  <testcase name="reconcilesAPaidStripeSessionWhenTheWebhookHasNotArrived()" classname="com.isasigns.backend.service.CheckoutServiceTest" time="0.117"/>
  <testcase name="appliesTheCatalogSaleAndFreeShippingAtTheThreshold()" classname="com.isasigns.backend.service.CheckoutServiceTest" time="0.032"/>
  <testcase name="rejectsAColourOrSizeThatIsNotInTheCatalog()" classname="com.isasigns.backend.service.CheckoutServiceTest" time="0.004"/>
  <testcase name="rebuildsTheOrderFromCatalogPricingAndSelectedOptions()" classname="com.isasigns.backend.service.CheckoutServiceTest" time="0.005"/>
  <system-out><![CDATA[]]></system-out>
  <system-err><![CDATA[WARNING: A Java agent has been loaded dynamically (/Users/u3quresh/.gradle/caches/modules-2/files-2.1/net.bytebuddy/byte-buddy-agent/1.14.19/154da3a65b4f4a909d3e5bdec55d1b2b4cbb6ce1/byte-buddy-agent-1.14.19.jar)
WARNING: If a serviceability tool is in use, please run with -XX:+EnableDynamicAgentLoading to hide this warning
WARNING: If a serviceability tool is not in use, please run with -Djdk.instrument.traceUsage for more information
WARNING: Dynamic loading of agents will be disallowed by default in a future release
]]></system-err>
</testsuite>
