<?xml version="1.0" encoding="UTF-8"?>
<testsuite name="com.isasigns.backend.service.CustomEmbroideryNotificationMessageFactoryTest" tests="4" skipped="0" failures="0" errors="0" timestamp="2026-08-27T18:31:16.807Z" hostname="Usmans-Mac-mini.local" time="0.005">
  <properties/>
  <testcase name="normalizesCanadianPhoneNumbersForTwilio()" classname="com.isasigns.backend.service.CustomEmbroideryNotificationMessageFactoryTest" time="0.001"/>
  <testcase name="identifiesPrintingRequestsInBothEmails()" classname="com.isasigns.backend.service.CustomEmbroideryNotificationMessageFactoryTest" time="0.002"/>
  <testcase name="formatsQuickRequestEmailsForTheCustomerAndAdmin()" classname="com.isasigns.backend.service.CustomEmbroideryNotificationMessageFactoryTest" time="0.001"/>
  <testcase name="includesEveryCustomerRequestFieldAndImageMetadataInAdminEmail()" classname="com.isasigns.backend.service.CustomEmbroideryNotificationMessageFactoryTest" time="0.001"/>
  <system-out><![CDATA[]]></system-out>
  <system-err><![CDATA[]]></system-err>
</testsuite>
