<?xml version="1.0" encoding="UTF-8"?>
<testsuite name="com.isasigns.backend.service.CustomEmbroideryValidationServiceTest" tests="6" skipped="0" failures="0" errors="0" timestamp="2026-07-24T02:19:04.112Z" hostname="Usmans-Mac-mini.local" time="0.008">
  <properties/>
  <testcase name="acceptsCompleteInspirationSubmissionParts()" classname="com.isasigns.backend.service.CustomEmbroideryValidationServiceTest" time="0.001"/>
  <testcase name="reportsMissingFieldsForEmptyPayloadWithoutThrowingNullPointerException()" classname="com.isasigns.backend.service.CustomEmbroideryValidationServiceTest" time="0.003"/>
  <testcase name="rejectsPlacementThatDoesNotBelongToSelectedItem()" classname="com.isasigns.backend.service.CustomEmbroideryValidationServiceTest" time="0.0"/>
  <testcase name="acceptsCompleteGeneratedPreviewRequest()" classname="com.isasigns.backend.service.CustomEmbroideryValidationServiceTest" time="0.0"/>
  <testcase name="acceptsAiRequestWithoutGeneratedImageAfterPreviewFailure()" classname="com.isasigns.backend.service.CustomEmbroideryValidationServiceTest" time="0.0"/>
  <testcase name="requiresReferenceImageForInspirationPreview()" classname="com.isasigns.backend.service.CustomEmbroideryValidationServiceTest" time="0.0"/>
  <system-out><![CDATA[]]></system-out>
  <system-err><![CDATA[]]></system-err>
</testsuite>
