<?xml version="1.0" encoding="UTF-8"?>
<testsuite name="com.isasigns.backend.service.QuickRequestValidationServiceTest" tests="2" skipped="0" failures="0" errors="0" timestamp="2026-08-24T20:42:16.826Z" hostname="Usmans-Mac-mini.local" time="0.002">
  <properties/>
  <testcase name="acceptsACompleteQuickRequestWithMultipleProducts()" classname="com.isasigns.backend.service.QuickRequestValidationServiceTest" time="0.002"/>
  <testcase name="rejectsMissingContactAndInvalidProductDetails()" classname="com.isasigns.backend.service.QuickRequestValidationServiceTest" time="0.0"/>
  <system-out><![CDATA[]]></system-out>
  <system-err><![CDATA[]]></system-err>
</testsuite>
