<?xml version="1.0" encoding="UTF-8"?>
<testsuite name="com.isasigns.backend.service.CheckoutServiceTest" tests="4" skipped="0" failures="0" errors="0" timestamp="2026-08-27T18:31:16.593Z" hostname="Usmans-Mac-mini.local" time="0.198">
  <properties/>
  <testcase name="reconcilesAPaidStripeSessionWhenTheWebhookHasNotArrived()" classname="com.isasigns.backend.service.CheckoutServiceTest" time="0.088"/>
  <testcase name="appliesTheCatalogSaleAndFreeShippingAtTheThreshold()" classname="com.isasigns.backend.service.CheckoutServiceTest" time="0.035"/>
  <testcase name="rejectsAColourOrSizeThatIsNotInTheCatalog()" classname="com.isasigns.backend.service.CheckoutServiceTest" time="0.003"/>
  <testcase name="rebuildsTheOrderFromCatalogPricingAndSelectedOptions()" classname="com.isasigns.backend.service.CheckoutServiceTest" time="0.005"/>
  <system-out><![CDATA[]]></system-out>
  <system-err><![CDATA[]]></system-err>
</testsuite>
