<?xml version="1.0" encoding="UTF-8"?>
<testsuite name="com.isasigns.backend.config.PublicSubmissionRateLimitFilterTest" tests="2" skipped="0" failures="0" errors="0" timestamp="2026-08-31T22:38:45.228Z" hostname="Usmans-Mac-mini.local" time="0.085">
  <properties/>
  <testcase name="keepsClientsAndEndpointGroupsIndependent()" classname="com.isasigns.backend.config.PublicSubmissionRateLimitFilterTest" time="0.039"/>
  <testcase name="rejectsRequestsBeyondTheEndpointLimitAndReturnsRetryAfter()" classname="com.isasigns.backend.config.PublicSubmissionRateLimitFilterTest" time="0.002"/>
  <system-out><![CDATA[]]></system-out>
  <system-err><![CDATA[]]></system-err>
</testsuite>
