<?xml version="1.0" encoding="UTF-8"?>
<testsuite name="com.isasigns.backend.service.AuthCryptoServiceTest" tests="2" skipped="0" failures="0" errors="0" timestamp="2026-08-27T18:31:15.939Z" hostname="Usmans-Mac-mini.local" time="0.024">
  <properties/>
  <testcase name="generatesFourDigitCodesAndChallengeBoundDigests()" classname="com.isasigns.backend.service.AuthCryptoServiceTest" time="0.022"/>
  <testcase name="generatesHighEntropyOpaqueRefreshTokens()" classname="com.isasigns.backend.service.AuthCryptoServiceTest" time="0.001"/>
  <system-out><![CDATA[]]></system-out>
  <system-err><![CDATA[]]></system-err>
</testsuite>
