<?xml version="1.0" encoding="UTF-8"?>
<testsuite name="com.isasigns.backend.controller.ApiExceptionHandlerTest" tests="1" skipped="0" failures="0" errors="0" timestamp="2026-07-25T05:31:56.084Z" hostname="Usmans-Mac-mini.local" time="0.032">
  <properties/>
  <testcase name="returnsProviderRateLimitsAs429WithRetryAfter()" classname="com.isasigns.backend.controller.ApiExceptionHandlerTest" time="0.028"/>
  <system-out><![CDATA[]]></system-out>
  <system-err><![CDATA[]]></system-err>
</testsuite>
