<?xml version="1.0" encoding="UTF-8"?>
<testsuite name="com.isasigns.backend.service.CustomEmbroideryNotificationMessageFactoryTest" tests="2" skipped="0" failures="0" errors="0" timestamp="2026-07-24T02:19:04.078Z" hostname="Usmans-Mac-mini.local" time="0.034">
  <properties/>
  <testcase name="normalizesCanadianPhoneNumbersForTwilio()" classname="com.isasigns.backend.service.CustomEmbroideryNotificationMessageFactoryTest" time="0.029"/>
  <testcase name="includesEveryCustomerRequestFieldAndImageMetadataInAdminEmail()" classname="com.isasigns.backend.service.CustomEmbroideryNotificationMessageFactoryTest" time="0.004"/>
  <system-out><![CDATA[]]></system-out>
  <system-err><![CDATA[]]></system-err>
</testsuite>
