<?xml version="1.0" encoding="UTF-8"?>
<testsuite name="com.isasigns.backend.service.CustomEmbroideryNotificationMessageFactoryTest" tests="2" skipped="0" failures="0" errors="0" timestamp="2026-07-25T05:31:56.117Z" hostname="Usmans-Mac-mini.local" time="0.025">
  <properties/>
  <testcase name="normalizesCanadianPhoneNumbersForTwilio()" classname="com.isasigns.backend.service.CustomEmbroideryNotificationMessageFactoryTest" time="0.021"/>
  <testcase name="includesEveryCustomerRequestFieldAndImageMetadataInAdminEmail()" classname="com.isasigns.backend.service.CustomEmbroideryNotificationMessageFactoryTest" time="0.002"/>
  <system-out><![CDATA[]]></system-out>
  <system-err><![CDATA[]]></system-err>
</testsuite>
