<?xml version="1.0" encoding="UTF-8"?>
<testsuite name="com.isasigns.backend.controller.ApiExceptionHandlerTest" tests="1" skipped="0" failures="0" errors="0" timestamp="2026-08-31T22:38:45.314Z" hostname="Usmans-Mac-mini.local" time="0.004">
  <properties/>
  <testcase name="returnsProviderRateLimitsAs429WithRetryAfter()" classname="com.isasigns.backend.controller.ApiExceptionHandlerTest" time="0.004"/>
  <system-out><![CDATA[]]></system-out>
  <system-err><![CDATA[]]></system-err>
</testsuite>
