<?xml version="1.0" encoding="UTF-8"?>
<testsuite name="com.isasigns.backend.service.EmbroideryPromptServiceTest" tests="3" skipped="0" failures="0" errors="0" timestamp="2026-08-22T21:47:47.120Z" hostname="Mac.lan" time="0.006">
  <properties/>
  <testcase name="createsPrintingSpecificPromptWithoutEmbroiderySimulationLanguage()" classname="com.isasigns.backend.service.EmbroideryPromptServiceTest" time="0.002"/>
  <testcase name="tellsModelToPreserveExactCustomerArtworkOnTheGarment()" classname="com.isasigns.backend.service.EmbroideryPromptServiceTest" time="0.001"/>
  <testcase name="includesExactWordsItemPlacementDimensionsAndInspirationInstruction()" classname="com.isasigns.backend.service.EmbroideryPromptServiceTest" time="0.001"/>
  <system-out><![CDATA[]]></system-out>
  <system-err><![CDATA[]]></system-err>
</testsuite>
