<?xml version="1.0" encoding="UTF-8"?>
<testsuite name="com.isasigns.backend.service.PreviewTokenServiceTest" tests="3" skipped="0" failures="0" errors="0" timestamp="2026-08-22T21:47:47.221Z" hostname="Mac.lan" time="0.01">
  <properties/>
  <testcase name="createsStableContactHmacWithoutReturningContact()" classname="com.isasigns.backend.service.PreviewTokenServiceTest" time="0.001"/>
  <testcase name="verifiesTheImageUsedToIssueToken()" classname="com.isasigns.backend.service.PreviewTokenServiceTest" time="0.002"/>
  <testcase name="rejectsDifferentGeneratedImage()" classname="com.isasigns.backend.service.PreviewTokenServiceTest" time="0.0"/>
  <system-out><![CDATA[]]></system-out>
  <system-err><![CDATA[]]></system-err>
</testsuite>
